# JRE version: Java(TM) SE Runtime Environment (8.0_191-b12) (build 1.8.0_191-b12)
# Java VM: Java HotSpot(TM) 64-Bit Server VM (25.191-b12 mixed mode windows-amd64 compressed oops)
Heap:
 PSYoungGen      total 74240K, used 51902K [0x000000076b000000, 0x0000000771880000, 0x00000007c0000000)
  eden space 62464K, 77% used [0x000000076b000000,0x000000076df37ae0,0x000000076ed00000)
  from space 11776K, 30% used [0x000000076ed00000,0x000000076f078050,0x000000076f880000)
  to   space 12800K, 0% used [0x0000000770c00000,0x0000000770c00000,0x0000000771880000)
 ParOldGen       total 116736K, used 15029K [0x00000006c1000000, 0x00000006c8200000, 0x000000076b000000)
  object space 116736K, 12% used [0x00000006c1000000,0x00000006c1ead5d0,0x00000006c8200000)
 Metaspace       used 36384K, capacity 38278K, committed 38400K, reserved 1083392K
  class space    used 4433K, capacity 4797K, committed 4864K, reserved 1048576K
GC Heap History (10 events):
Event: 13.788 GC heap before
{Heap before GC invocations=7 (full 1):
 PSYoungGen      total 74752K, used 29104K [0x000000076b000000, 0x0000000770580000, 0x00000007c0000000)
  eden space 64000K, 28% used [0x000000076b000000,0x000000076c1eed10,0x000000076ee80000)
  from space 10752K, 99% used [0x000000076f000000,0x000000076fa7d490,0x000000076fa80000)
  to   space 11264K, 0% used [0x000000076fa80000,0x000000076fa80000,0x0000000770580000)
 ParOldGen       total 73728K, used 7985K [0x00000006c1000000, 0x00000006c5800000, 0x000000076b000000)
  object space 73728K, 10% used [0x00000006c1000000,0x00000006c17cc780,0x00000006c5800000)
 Metaspace       used 33716K, capacity 35436K, committed 35496K, reserved 1081344K
  class space    used 4271K, capacity 4592K, committed 4608K, reserved 1048576K
Event: 13.795 GC heap after
Heap after GC invocations=7 (full 1):
 PSYoungGen      total 72192K, used 9216K [0x000000076b000000, 0x0000000770400000, 0x00000007c0000000)
  eden space 62464K, 0% used [0x000000076b000000,0x000000076b000000,0x000000076ed00000)
  from space 9728K, 94% used [0x000000076fa80000,0x0000000770380218,0x0000000770400000)
  to   space 11776K, 0% used [0x000000076ed00000,0x000000076ed00000,0x000000076f880000)
 ParOldGen       total 73728K, used 8057K [0x00000006c1000000, 0x00000006c5800000, 0x000000076b000000)
  object space 73728K, 10% used [0x00000006c1000000,0x00000006c17de790,0x00000006c5800000)
 Metaspace       used 33716K, capacity 35436K, committed 35496K, reserved 1081344K
  class space    used 4271K, capacity 4592K, committed 4608K, reserved 1048576K
}
Event: 13.795 GC heap before
{Heap before GC invocations=8 (full 2):
 PSYoungGen      total 72192K, used 9216K [0x000000076b000000, 0x0000000770400000, 0x00000007c0000000)
  eden space 62464K, 0% used [0x000000076b000000,0x000000076b000000,0x000000076ed00000)
  from space 9728K, 94% used [0x000000076fa80000,0x0000000770380218,0x0000000770400000)
  to   space 11776K, 0% used [0x000000076ed00000,0x000000076ed00000,0x000000076f880000)
 ParOldGen       total 73728K, used 8057K [0x00000006c1000000, 0x00000006c5800000, 0x000000076b000000)
  object space 73728K, 10% used [0x00000006c1000000,0x00000006c17de790,0x00000006c5800000)
 Metaspace       used 33716K, capacity 35436K, committed 35496K, reserved 1081344K
  class space    used 4271K, capacity 4592K, committed 4608K, reserved 1048576K
Event: 13.837 GC heap after
Heap after GC invocations=8 (full 2):
 PSYoungGen      total 72192K, used 0K [0x000000076b000000, 0x0000000770400000, 0x00000007c0000000)
  eden space 62464K, 0% used [0x000000076b000000,0x000000076b000000,0x000000076ed00000)
  from space 9728K, 0% used [0x000000076fa80000,0x000000076fa80000,0x0000000770400000)
  to   space 11776K, 0% used [0x000000076ed00000,0x000000076ed00000,0x000000076f880000)
 ParOldGen       total 116736K, used 15005K [0x00000006c1000000, 0x00000006c8200000, 0x000000076b000000)
  object space 116736K, 12% used [0x00000006c1000000,0x00000006c1ea75d0,0x00000006c8200000)
 Metaspace       used 33716K, capacity 35436K, committed 35496K, reserved 1081344K
  class space    used 4271K, capacity 4592K, committed 4608K, reserved 1048576K
}
Event: 14.292 GC heap before
{Heap before GC invocations=9 (full 2):
 PSYoungGen      total 72192K, used 62464K [0x000000076b000000, 0x0000000770400000, 0x00000007c0000000)
  eden space 62464K, 100% used [0x000000076b000000,0x000000076ed00000,0x000000076ed00000)
  from space 9728K, 0% used [0x000000076fa80000,0x000000076fa80000,0x0000000770400000)
  to   space 11776K, 0% used [0x000000076ed00000,0x000000076ed00000,0x000000076f880000)
 ParOldGen       total 116736K, used 15005K [0x00000006c1000000, 0x00000006c8200000, 0x000000076b000000)
  object space 116736K, 12% used [0x00000006c1000000,0x00000006c1ea75d0,0x00000006c8200000)
 Metaspace       used 35067K, capacity 36950K, committed 37288K, reserved 1081344K
  class space    used 4381K, capacity 4753K, committed 4864K, reserved 1048576K
Event: 14.295 GC heap after
Heap after GC invocations=9 (full 2):
 PSYoungGen      total 74240K, used 2323K [0x000000076b000000, 0x0000000770400000, 0x00000007c0000000)
  eden space 62464K, 0% used [0x000000076b000000,0x000000076b000000,0x000000076ed00000)
  from space 11776K, 19% used [0x000000076ed00000,0x000000076ef44cd0,0x000000076f880000)
  to   space 9728K, 0% used [0x000000076fa80000,0x000000076fa80000,0x0000000770400000)
 ParOldGen       total 116736K, used 15013K [0x00000006c1000000, 0x00000006c8200000, 0x000000076b000000)
  object space 116736K, 12% used [0x00000006c1000000,0x00000006c1ea95d0,0x00000006c8200000)
 Metaspace       used 35067K, capacity 36950K, committed 37288K, reserved 1081344K
  class space    used 4381K, capacity 4753K, committed 4864K, reserved 1048576K
}
Event: 14.621 GC heap before
{Heap before GC invocations=10 (full 2):
 PSYoungGen      total 74240K, used 64787K [0x000000076b000000, 0x0000000770400000, 0x00000007c0000000)
  eden space 62464K, 100% used [0x000000076b000000,0x000000076ed00000,0x000000076ed00000)
  from space 11776K, 19% used [0x000000076ed00000,0x000000076ef44cd0,0x000000076f880000)
  to   space 9728K, 0% used [0x000000076fa80000,0x000000076fa80000,0x0000000770400000)
 ParOldGen       total 116736K, used 15013K [0x00000006c1000000, 0x00000006c8200000, 0x000000076b000000)
  object space 116736K, 12% used [0x00000006c1000000,0x00000006c1ea95d0,0x00000006c8200000)
 Metaspace       used 35663K, capacity 37562K, committed 37888K, reserved 1083392K
  class space    used 4406K, capacity 4759K, committed 4864K, reserved 1048576K
Event: 14.625 GC heap after
Heap after GC invocations=10 (full 2):
 PSYoungGen      total 72192K, used 3184K [0x000000076b000000, 0x0000000770400000, 0x00000007c0000000)
  eden space 62464K, 0% used [0x000000076b000000,0x000000076b000000,0x000000076ed00000)
  from space 9728K, 32% used [0x000000076fa80000,0x000000076fd9c060,0x0000000770400000)
  to   space 11776K, 0% used [0x000000076ed00000,0x000000076ed00000,0x000000076f880000)
 ParOldGen       total 116736K, used 15021K [0x00000006c1000000, 0x00000006c8200000, 0x000000076b000000)
  object space 116736K, 12% used [0x00000006c1000000,0x00000006c1eab5d0,0x00000006c8200000)
 Metaspace       used 35663K, capacity 37562K, committed 37888K, reserved 1083392K
  class space    used 4406K, capacity 4759K, committed 4864K, reserved 1048576K
}
Event: 14.935 GC heap before
{Heap before GC invocations=11 (full 2):
 PSYoungGen      total 72192K, used 65648K [0x000000076b000000, 0x0000000770400000, 0x00000007c0000000)
  eden space 62464K, 100% used [0x000000076b000000,0x000000076ed00000,0x000000076ed00000)
  from space 9728K, 32% used [0x000000076fa80000,0x000000076fd9c060,0x0000000770400000)
  to   space 11776K, 0% used [0x000000076ed00000,0x000000076ed00000,0x000000076f880000)
 ParOldGen       total 116736K, used 15021K [0x00000006c1000000, 0x00000006c8200000, 0x000000076b000000)
  object space 116736K, 12% used [0x00000006c1000000,0x00000006c1eab5d0,0x00000006c8200000)
 Metaspace       used 36039K, capacity 37996K, committed 38144K, reserved 1083392K
  class space    used 4420K, capacity 4794K, committed 4864K, reserved 1048576K
Event: 14.938 GC heap after
Heap after GC invocations=11 (full 2):
 PSYoungGen      total 74240K, used 3552K [0x000000076b000000, 0x0000000771880000, 0x00000007c0000000)
  eden space 62464K, 0% used [0x000000076b000000,0x000000076b000000,0x000000076ed00000)
  from space 11776K, 30% used [0x000000076ed00000,0x000000076f078050,0x000000076f880000)
  to   space 12800K, 0% used [0x0000000770c00000,0x0000000770c00000,0x0000000771880000)
 ParOldGen       total 116736K, used 15029K [0x00000006c1000000, 0x00000006c8200000, 0x000000076b000000)
  object space 116736K, 12% used [0x00000006c1000000,0x00000006c1ead5d0,0x00000006c8200000)
 Metaspace       used 36039K, capacity 37996K, committed 38144K, reserved 1083392K
  class space    used 4420K, capacity 4794K, committed 4864K, reserved 1048576K
}

