# JRE version: Java(TM) SE Runtime Environment (8.0_191-b12) (build 1.8.0_191-b12)
# Java VM: Java HotSpot(TM) 64-Bit Server VM (25.191-b12 mixed mode windows-amd64 compressed oops)
Heap:
 PSYoungGen      total 141824K, used 121330K [0x000000076b000000, 0x0000000774500000, 0x00000007c0000000)
  eden space 131072K, 92% used [0x000000076b000000,0x000000077267ca68,0x0000000773000000)
  from space 10752K, 0% used [0x0000000773000000,0x0000000773000000,0x0000000773a80000)
  to   space 10752K, 0% used [0x0000000773a80000,0x0000000773a80000,0x0000000774500000)
 ParOldGen       total 102912K, used 7631K [0x00000006c1000000, 0x00000006c7480000, 0x000000076b000000)
  object space 102912K, 7% used [0x00000006c1000000,0x00000006c1773c60,0x00000006c7480000)
 Metaspace       used 27658K, capacity 29338K, committed 29568K, reserved 1075200K
  class space    used 3526K, capacity 3847K, committed 3968K, reserved 1048576K
GC Heap History (8 events):
Event: 1.580 GC heap before
{Heap before GC invocations=1 (full 0):
 PSYoungGen      total 76288K, used 65536K [0x000000076b000000, 0x0000000770500000, 0x00000007c0000000)
  eden space 65536K, 100% used [0x000000076b000000,0x000000076f000000,0x000000076f000000)
  from space 10752K, 0% used [0x000000076fa80000,0x000000076fa80000,0x0000000770500000)
  to   space 10752K, 0% used [0x000000076f000000,0x000000076f000000,0x000000076fa80000)
 ParOldGen       total 175104K, used 0K [0x00000006c1000000, 0x00000006cbb00000, 0x000000076b000000)
  object space 175104K, 0% used [0x00000006c1000000,0x00000006c1000000,0x00000006cbb00000)
 Metaspace       used 11882K, capacity 12820K, committed 13056K, reserved 1060864K
  class space    used 1483K, capacity 1686K, committed 1792K, reserved 1048576K
Event: 1.605 GC heap after
Heap after GC invocations=1 (full 0):
 PSYoungGen      total 76288K, used 6490K [0x000000076b000000, 0x0000000774500000, 0x00000007c0000000)
  eden space 65536K, 0% used [0x000000076b000000,0x000000076b000000,0x000000076f000000)
  from space 10752K, 60% used [0x000000076f000000,0x000000076f656b20,0x000000076fa80000)
  to   space 10752K, 0% used [0x0000000773a80000,0x0000000773a80000,0x0000000774500000)
 ParOldGen       total 175104K, used 16K [0x00000006c1000000, 0x00000006cbb00000, 0x000000076b000000)
  object space 175104K, 0% used [0x00000006c1000000,0x00000006c1004000,0x00000006cbb00000)
 Metaspace       used 11882K, capacity 12820K, committed 13056K, reserved 1060864K
  class space    used 1483K, capacity 1686K, committed 1792K, reserved 1048576K
}
Event: 2.825 GC heap before
{Heap before GC invocations=2 (full 0):
 PSYoungGen      total 76288K, used 72026K [0x000000076b000000, 0x0000000774500000, 0x00000007c0000000)
  eden space 65536K, 100% used [0x000000076b000000,0x000000076f000000,0x000000076f000000)
  from space 10752K, 60% used [0x000000076f000000,0x000000076f656b20,0x000000076fa80000)
  to   space 10752K, 0% used [0x0000000773a80000,0x0000000773a80000,0x0000000774500000)
 ParOldGen       total 175104K, used 16K [0x00000006c1000000, 0x00000006cbb00000, 0x000000076b000000)
  object space 175104K, 0% used [0x00000006c1000000,0x00000006c1004000,0x00000006cbb00000)
 Metaspace       used 16627K, capacity 17870K, committed 18048K, reserved 1064960K
  class space    used 2172K, capacity 2405K, committed 2432K, reserved 1048576K
Event: 2.835 GC heap after
Heap after GC invocations=2 (full 0):
 PSYoungGen      total 141824K, used 7459K [0x000000076b000000, 0x0000000774500000, 0x00000007c0000000)
  eden space 131072K, 0% used [0x000000076b000000,0x000000076b000000,0x0000000773000000)
  from space 10752K, 69% used [0x0000000773a80000,0x00000007741c8d30,0x0000000774500000)
  to   space 10752K, 0% used [0x0000000773000000,0x0000000773000000,0x0000000773a80000)
 ParOldGen       total 175104K, used 24K [0x00000006c1000000, 0x00000006cbb00000, 0x000000076b000000)
  object space 175104K, 0% used [0x00000006c1000000,0x00000006c1006000,0x00000006cbb00000)
 Metaspace       used 16627K, capacity 17870K, committed 18048K, reserved 1064960K
  class space    used 2172K, capacity 2405K, committed 2432K, reserved 1048576K
}
Event: 3.719 GC heap before
{Heap before GC invocations=3 (full 0):
 PSYoungGen      total 141824K, used 71273K [0x000000076b000000, 0x0000000774500000, 0x00000007c0000000)
  eden space 131072K, 48% used [0x000000076b000000,0x000000076ee51710,0x0000000773000000)
  from space 10752K, 69% used [0x0000000773a80000,0x00000007741c8d30,0x0000000774500000)
  to   space 10752K, 0% used [0x0000000773000000,0x0000000773000000,0x0000000773a80000)
 ParOldGen       total 175104K, used 24K [0x00000006c1000000, 0x00000006cbb00000, 0x000000076b000000)
  object space 175104K, 0% used [0x00000006c1000000,0x00000006c1006000,0x00000006cbb00000)
 Metaspace       used 19766K, capacity 21194K, committed 21296K, reserved 1067008K
  class space    used 2629K, capacity 2897K, committed 2944K, reserved 1048576K
Event: 3.726 GC heap after
Heap after GC invocations=3 (full 0):
 PSYoungGen      total 141824K, used 7839K [0x000000076b000000, 0x0000000774500000, 0x00000007c0000000)
  eden space 131072K, 0% used [0x000000076b000000,0x000000076b000000,0x0000000773000000)
  from space 10752K, 72% used [0x0000000773000000,0x00000007737a7f70,0x0000000773a80000)
  to   space 10752K, 0% used [0x0000000773a80000,0x0000000773a80000,0x0000000774500000)
 ParOldGen       total 175104K, used 32K [0x00000006c1000000, 0x00000006cbb00000, 0x000000076b000000)
  object space 175104K, 0% used [0x00000006c1000000,0x00000006c1008000,0x00000006cbb00000)
 Metaspace       used 19766K, capacity 21194K, committed 21296K, reserved 1067008K
  class space    used 2629K, capacity 2897K, committed 2944K, reserved 1048576K
}
Event: 3.726 GC heap before
{Heap before GC invocations=4 (full 1):
 PSYoungGen      total 141824K, used 7839K [0x000000076b000000, 0x0000000774500000, 0x00000007c0000000)
  eden space 131072K, 0% used [0x000000076b000000,0x000000076b000000,0x0000000773000000)
  from space 10752K, 72% used [0x0000000773000000,0x00000007737a7f70,0x0000000773a80000)
  to   space 10752K, 0% used [0x0000000773a80000,0x0000000773a80000,0x0000000774500000)
 ParOldGen       total 175104K, used 32K [0x00000006c1000000, 0x00000006cbb00000, 0x000000076b000000)
  object space 175104K, 0% used [0x00000006c1000000,0x00000006c1008000,0x00000006cbb00000)
 Metaspace       used 19766K, capacity 21194K, committed 21296K, reserved 1067008K
  class space    used 2629K, capacity 2897K, committed 2944K, reserved 1048576K
Event: 3.756 GC heap after
Heap after GC invocations=4 (full 1):
 PSYoungGen      total 141824K, used 0K [0x000000076b000000, 0x0000000774500000, 0x00000007c0000000)
  eden space 131072K, 0% used [0x000000076b000000,0x000000076b000000,0x0000000773000000)
  from space 10752K, 0% used [0x0000000773000000,0x0000000773000000,0x0000000773a80000)
  to   space 10752K, 0% used [0x0000000773a80000,0x0000000773a80000,0x0000000774500000)
 ParOldGen       total 102912K, used 7631K [0x00000006c1000000, 0x00000006c7480000, 0x000000076b000000)
  object space 102912K, 7% used [0x00000006c1000000,0x00000006c1773c60,0x00000006c7480000)
 Metaspace       used 19766K, capacity 21194K, committed 21296K, reserved 1067008K
  class space    used 2629K, capacity 2897K, committed 2944K, reserved 1048576K
}

